<?xml version="1.0" encoding="UTF-8"?>
<!-- Generated by org.testng.reporters.JUnitXMLReporter -->
<testsuite ignored="3" hostname="DESKTOP-OJU0P6V" failures="2" tests="28" name="agencyapi" time="107.151" errors="0" timestamp="2022-12-13T14:12:08 IST">
  <testcase classname="com.qa.tests.PostAPItest" name="Assume_get_access_token" time="4.328"/>
  <testcase classname="com.qa.tests.PostAPItest" name="Assume_Individuo_Certificate" time="10.449"/>
  <testcase classname="com.qa.tests.PostAPItest" name="Assume_Patroons_Certificate" time="6.666"/>
  <testcase classname="com.qa.tests.PostAPItest" name="CFSE_Test_get_access_token" time="1.815"/>
  <testcase classname="com.qa.tests.PostAPItest" name="CFSE_get_informacionDeDeauda" time="17.127"/>
  <testcase classname="com.qa.tests.PostAPItest" name="CFSE_get_certificacionDeDeauda" time="1.709"/>
  <testcase classname="com.qa.tests.PostAPItest" name="CFSE_get_certificacionDeVegencia" time="1.35"/>
  <testcase classname="com.qa.tests.PostAPItest" name="CFSE_get_fondoPing" time="1.352"/>
  <testcase classname="com.qa.tests.PostAPItest" name="Estado_Compliance" time="1.381"/>
  <testcase classname="com.qa.tests.PostAPItest" name="Estado_Ping" time="0.983"/>
  <testcase classname="com.qa.tests.PostAPItest" name="Estado_Certificado" time="12.036"/>
  <testcase classname="com.qa.tests.PostAPItest" name="Hacienda_corporate_ping" time="2.087"/>
  <testcase classname="com.qa.tests.PostAPItest" name="Hacienda_corporate_compliance" time="2.153"/>
  <testcase classname="com.qa.tests.PostAPItest" name="Hacienda_corporate_authorize" time="4.038"/>
  <testcase classname="com.qa.tests.PostAPItest" name="Hacienda_Corporate_complianceDocuments" time="1.603"/>
  <testcase classname="com.qa.tests.PostAPItest" name="Hacienda_individual_ping" time="1.674"/>
  <testcase classname="com.qa.tests.PostAPItest" name="Hacienda_authorize_individual" time="2.544"/>
  <testcase classname="com.qa.tests.PostAPItest" name="Hacienda_complianceDocuments_ind" time="10.572">
    <failure type="java.lang.AssertionError" message="status code is not 200 expected [200] but found [400]">
      <![CDATA[java.lang.AssertionError: status code is not 200 expected [200] but found [400]
at com.qa.tests.PostAPItest.Hacienda_complianceDocuments_ind(PostAPItest.java:983)
at java.base/java.util.ArrayList.forEach(ArrayList.java:1511)
... Removed 31 stack frames]]>
    </failure>
  </testcase> <!-- Hacienda_complianceDocuments_ind -->
  <testcase classname="com.qa.tests.PostAPItest" name="PostAPITest_cap_request" time="2.721"/>
  <testcase classname="com.qa.tests.PostAPItest" name="PostAPITest_Retrieve" time="2.983"/>
  <testcase classname="com.qa.tests.PostAPItest" name="PostAPITest_Justicia_Validate" time="3.047"/>
  <testcase classname="com.qa.tests.PostAPItest" name="PostAPITest_Justicia_CriminalRecord_CheckInquiry" time="0.006">
    <failure type="java.lang.IllegalArgumentException" message="Illegal character in path at index 48: https://suri.cjis.pr.gov/identity/criminal/check	">
      <![CDATA[java.lang.IllegalArgumentException: Illegal character in path at index 48: https://suri.cjis.pr.gov/identity/criminal/check
at java.base/java.net.URI.create(URI.java:906)
at org.apache.http.client.methods.HttpGet.<init>(HttpGet.java:66)
at com.qa.client.RestClient.get(RestClient.java:43)
at com.qa.tests.PostAPItest.PostAPITest_Justicia_CriminalRecord_CheckInquiry(PostAPItest.java:1169)
at java.base/java.util.ArrayList.forEach(ArrayList.java:1511)
Caused by: java.net.URISyntaxException: Illegal character in path at index 48: https://suri.cjis.pr.gov/identity/criminal/check
at java.base/java.net.URI$Parser.fail(URI.java:2974)
at java.base/java.net.URI$Parser.checkChars(URI.java:3145)
at java.base/java.net.URI$Parser.parseHierarchical(URI.java:3227)
at java.base/java.net.URI$Parser.parse(URI.java:3175)
at java.base/java.net.URI.<init>(URI.java:623)
at java.base/java.net.URI.create(URI.java:904)
... 31 more
... Removed 27 stack frames]]>
    </failure>
  </testcase> <!-- PostAPITest_Justicia_CriminalRecord_CheckInquiry -->
  <testcase classname="com.qa.tests.PostAPItest" name="Crim360_Authenticate" time="1.739"/>
  <testcase classname="com.qa.tests.PostAPItest" name="CRIM360_Certification" time="2.88"/>
  <testcase classname="com.qa.tests.PostAPItest" name="CRIM360_Crimcompliance" time="1.38"/>
  <testcase classname="com.qa.tests.PostAPItest" name="CRIM360_FileContent" time="3.395"/>
  <testcase classname="com.qa.tests.PostAPItest" name="DTOP_token" time="1.757"/>
  <testcase classname="com.qa.tests.PostAPItest" name="get_DTOPGetPhoto" time="3.053"/>
  <testcase classname="com.qa.tests.PostAPItest" name="PostAPITest_Validate" time="0.0">
    <ignored/>
  </testcase> <!-- PostAPITest_Validate -->
  <testcase classname="com.qa.tests.PostAPItest" name="Hacienda_compliance_individual" time="0.0">
    <ignored/>
  </testcase> <!-- Hacienda_compliance_individual -->
  <testcase classname="com.qa.tests.PostAPItest" name="get_GetLicense" time="0.0">
    <ignored/>
  </testcase> <!-- get_GetLicense -->
</testsuite> <!-- agencyapi -->
