<?xml version="1.0" encoding="UTF-8"?>
<!-- Generated by org.testng.reporters.JUnitXMLReporter -->
<testsuite ignored="3" hostname="DESKTOP-OJU0P6V" failures="1" tests="28" name="dxapi" time="103.681" errors="0" timestamp="2022-12-09T01:40:53 IST">
  <testcase classname="com.qa.tests.PostAPItest" name="Assume_get_access_token" time="4.242"/>
  <testcase classname="com.qa.tests.PostAPItest" name="Assume_Individuo_Certificate" time="9.635"/>
  <testcase classname="com.qa.tests.PostAPItest" name="Assume_Patroons_Certificate" time="10.174"/>
  <testcase classname="com.qa.tests.PostAPItest" name="CFSE_Test_get_access_token" time="2.121"/>
  <testcase classname="com.qa.tests.PostAPItest" name="CFSE_get_informacionDeDeauda" time="13.82"/>
  <testcase classname="com.qa.tests.PostAPItest" name="CFSE_get_certificacionDeDeauda" time="1.547"/>
  <testcase classname="com.qa.tests.PostAPItest" name="CFSE_get_certificacionDeVegencia" time="1.919"/>
  <testcase classname="com.qa.tests.PostAPItest" name="CFSE_get_fondoPing" time="1.454"/>
  <testcase classname="com.qa.tests.PostAPItest" name="Estado_Compliance" time="1.646"/>
  <testcase classname="com.qa.tests.PostAPItest" name="Estado_Ping" time="1.149"/>
  <testcase classname="com.qa.tests.PostAPItest" name="Estado_Certificado" time="9.743"/>
  <testcase classname="com.qa.tests.PostAPItest" name="Hacienda_corporate_ping" time="3.085"/>
  <testcase classname="com.qa.tests.PostAPItest" name="Hacienda_corporate_compliance" time="1.741"/>
  <testcase classname="com.qa.tests.PostAPItest" name="Hacienda_corporate_authorize" time="2.179"/>
  <testcase classname="com.qa.tests.PostAPItest" name="Hacienda_Corporate_complianceDocuments" time="1.517"/>
  <testcase classname="com.qa.tests.PostAPItest" name="Hacienda_individual_ping" time="1.834"/>
  <testcase classname="com.qa.tests.PostAPItest" name="Hacienda_authorize_individual" time="1.74"/>
  <testcase classname="com.qa.tests.PostAPItest" name="Hacienda_complianceDocuments_ind" time="11.973"/>
  <testcase classname="com.qa.tests.PostAPItest" name="PostAPITest_cap_request" time="1.884"/>
  <testcase classname="com.qa.tests.PostAPItest" name="PostAPITest_Retrieve" time="3.312"/>
  <testcase classname="com.qa.tests.PostAPItest" name="PostAPITest_Justicia_Validate" time="3.588"/>
  <testcase classname="com.qa.tests.PostAPItest" name="PostAPITest_Justicia_CriminalRecord_CheckInquiry" time="0.007">
    <failure type="java.lang.IllegalArgumentException" message="Illegal character in path at index 48: https://suri.cjis.pr.gov/identity/criminal/check	">
      <![CDATA[java.lang.IllegalArgumentException: Illegal character in path at index 48: https://suri.cjis.pr.gov/identity/criminal/check
at java.base/java.net.URI.create(URI.java:906)
at org.apache.http.client.methods.HttpGet.<init>(HttpGet.java:66)
at com.qa.client.RestClient.get(RestClient.java:43)
at com.qa.tests.PostAPItest.PostAPITest_Justicia_CriminalRecord_CheckInquiry(PostAPItest.java:1169)
at java.base/java.util.ArrayList.forEach(ArrayList.java:1511)
Caused by: java.net.URISyntaxException: Illegal character in path at index 48: https://suri.cjis.pr.gov/identity/criminal/check
at java.base/java.net.URI$Parser.fail(URI.java:2974)
at java.base/java.net.URI$Parser.checkChars(URI.java:3145)
at java.base/java.net.URI$Parser.parseHierarchical(URI.java:3227)
at java.base/java.net.URI$Parser.parse(URI.java:3175)
at java.base/java.net.URI.<init>(URI.java:623)
at java.base/java.net.URI.create(URI.java:904)
... 31 more
... Removed 27 stack frames]]>
    </failure>
  </testcase> <!-- PostAPITest_Justicia_CriminalRecord_CheckInquiry -->
  <testcase classname="com.qa.tests.PostAPItest" name="Crim360_Authenticate" time="1.617"/>
  <testcase classname="com.qa.tests.PostAPItest" name="CRIM360_Certification" time="2.89"/>
  <testcase classname="com.qa.tests.PostAPItest" name="CRIM360_Crimcompliance" time="1.206"/>
  <testcase classname="com.qa.tests.PostAPItest" name="CRIM360_FileContent" time="3.773"/>
  <testcase classname="com.qa.tests.PostAPItest" name="DTOP_token" time="1.977"/>
  <testcase classname="com.qa.tests.PostAPItest" name="get_DTOPGetPhoto" time="1.555"/>
  <testcase classname="com.qa.tests.PostAPItest" name="PostAPITest_Validate" time="0.0">
    <ignored/>
  </testcase> <!-- PostAPITest_Validate -->
  <testcase classname="com.qa.tests.PostAPItest" name="Hacienda_compliance_individual" time="0.0">
    <ignored/>
  </testcase> <!-- Hacienda_compliance_individual -->
  <testcase classname="com.qa.tests.PostAPItest" name="get_GetLicense" time="0.0">
    <ignored/>
  </testcase> <!-- get_GetLicense -->
</testsuite> <!-- dxapi -->
